Using pre-set license

 COMMAND LINE ARGUMENTS:
/Applications/Unity/Hub/Editor/2020.2.7f1/Unity.app/Contents/MacOS/Unity
-adb2
-batchMode
-noUpm
-name
AssetImportWorker0
-projectPath
/Users/k/Desktop/UnityProject_Lit/OriginalGame
-logFile
Logs/AssetImportWorker0.log
-srvPort
59420
Successfully changed project path to: /Users/k/Desktop/UnityProject_Lit/OriginalGame
/Users/k/Desktop/UnityProject_Lit/OriginalGame
Using Asset Import Pipeline V2.
Refreshing native plugins compatible for Editor in 42.21 ms, found 1 plugins.
Preloading 0 native plugins for Editor in 0.00 ms.
Initialize engine version: 2020.2.7f1 (c53830e277f1)
[Subsystems] Discovering subsystems at path /Applications/Unity/Hub/Editor/2020.2.7f1/Unity.app/Contents/Resources/UnitySubsystems
[Subsystems] Discovering subsystems at path /Users/k/Desktop/UnityProject_Lit/OriginalGame/Assets
GfxDevice: creating device client; threaded=0
2023-09-20 20:23:42.015 Unity[26116:14356837] (null) preferred device: Apple M1 (high power)
2023-09-20 20:23:42.015 Unity[26116:14356837] Metal devices available: 1
2023-09-20 20:23:42.015 Unity[26116:14356837] 0: Apple M1 (high power)
2023-09-20 20:23:42.015 Unity[26116:14356837] Using device Apple M1 (high power)
Initializing Metal device caps: Apple M1
Initialize mono
Mono path[0] = '/Applications/Unity/Hub/Editor/2020.2.7f1/Unity.app/Contents/Managed'
Mono path[1] = '/Applications/Unity/Hub/Editor/2020.2.7f1/Unity.app/Contents/MonoBleedingEdge/lib/mono/unityjit'
Mono config path = '/Applications/Unity/Hub/Editor/2020.2.7f1/Unity.app/Contents/MonoBleedingEdge/etc'
Using monoOptions --debugger-agent=transport=dt_socket,embedding=1,server=y,suspend=n,address=127.0.0.1:56116
Begin MonoManager ReloadAssembly
Registering precompiled unity dll's ...
Register platform support module: /Applications/Unity/Hub/Editor/2020.2.7f1/Unity.app/Contents/PlaybackEngines/MacStandaloneSupport/UnityEditor.OSXStandalone.Extensions.dll
Registered in 0.001139 seconds.
Native extension for OSXStandalone target not found
Refreshing native plugins compatible for Editor in 23.87 ms, found 1 plugins.
Preloading 0 native plugins for Editor in 0.00 ms.
Invoked RoslynAnalysisRunner static constructor.
RoslynAnalysisRunner will not be running.
RoslynAnalysisRunner has terminated.
Mono: successfully reloaded assembly
- Completed reload, in  2.924 seconds
Platform modules already initialized, skipping
Registering precompiled user dll's ...
Registered in 0.000523 seconds.
Begin MonoManager ReloadAssembly
Native extension for OSXStandalone target not found
Refreshing native plugins compatible for Editor in 0.21 ms, found 1 plugins.
Preloading 0 native plugins for Editor in 0.00 ms.
Invoked RoslynAnalysisRunner static constructor.
RoslynAnalysisRunner will not be running.
RoslynAnalysisRunner has terminated.
Mono: successfully reloaded assembly
- Completed reload, in  1.520 seconds
Platform modules already initialized, skipping
========================================================================
Worker process is ready to serve import requests
Launching external process: /Applications/Unity/Hub/Editor/2020.2.7f1/Unity.app/Contents/Tools/UnityShaderCompiler
Launched and connected shader compiler UnityShaderCompiler after 0.17 seconds
Refreshing native plugins compatible for Editor in 0.32 ms, found 1 plugins.
Preloading 0 native plugins for Editor in 0.00 ms.
Unloading 1153 Unused Serialized files (Serialized files now loaded: 0)
System memory in use before: 45.4 MB.
System memory in use after: 45.5 MB.

Unloading 10 unused Assets to reduce memory usage. Loaded Objects now: 1596.
Total: 2.756375 ms (FindLiveObjects: 0.268209 ms CreateObjectMapping: 0.024875 ms MarkObjects: 2.345375 ms  DeleteObjects: 0.112375 ms)

========================================================================
Received Import Request.
  path: Assets/Images/Player.png
  artifactKey: Guid(29ad7012d38c54478a4237ddb8e5d1a9) Importer(815301076,1909f56bfc062723c751e8b465ee728b)
Start importing Assets/Images/Player.png using Guid(29ad7012d38c54478a4237ddb8e5d1a9) Importer(815301076,1909f56bfc062723c751e8b465ee728b)  -> (artifact id: '29bd0b7587611738986b2787665b099b') in 0.718503 seconds
  Import took 0.721900 seconds .

========================================================================
Received Prepare
Registering precompiled user dll's ...
Registered in 0.001042 seconds.
Begin MonoManager ReloadAssembly
Native extension for OSXStandalone target not found
Refreshing native plugins compatible for Editor in 0.41 ms, found 1 plugins.
Preloading 0 native plugins for Editor in 0.00 ms.
Invoked RoslynAnalysisRunner static constructor.
RoslynAnalysisRunner will not be running.
RoslynAnalysisRunner has terminated.
Mono: successfully reloaded assembly
- Completed reload, in  1.651 seconds
Platform modules already initialized, skipping
Refreshing native plugins compatible for Editor in 0.18 ms, found 1 plugins.
Preloading 0 native plugins for Editor in 0.00 ms.
Unloading 1148 Unused Serialized files (Serialized files now loaded: 0)
System memory in use before: 127.4 MB.
System memory in use after: 127.5 MB.

Unloading 5 unused Assets to reduce memory usage. Loaded Objects now: 1605.
Total: 3.566666 ms (FindLiveObjects: 0.360750 ms CreateObjectMapping: 0.045958 ms MarkObjects: 3.088167 ms  DeleteObjects: 0.069667 ms)

========================================================================
Received Prepare
Registering precompiled user dll's ...
Registered in 0.000714 seconds.
Begin MonoManager ReloadAssembly
Native extension for OSXStandalone target not found
Refreshing native plugins compatible for Editor in 0.19 ms, found 1 plugins.
Preloading 0 native plugins for Editor in 0.00 ms.
Invoked RoslynAnalysisRunner static constructor.
RoslynAnalysisRunner will not be running.
RoslynAnalysisRunner has terminated.
Mono: successfully reloaded assembly
- Completed reload, in  1.525 seconds
Platform modules already initialized, skipping
Refreshing native plugins compatible for Editor in 0.19 ms, found 1 plugins.
Preloading 0 native plugins for Editor in 0.00 ms.
Unloading 1148 Unused Serialized files (Serialized files now loaded: 0)
System memory in use before: 129.2 MB.
System memory in use after: 129.3 MB.

Unloading 5 unused Assets to reduce memory usage. Loaded Objects now: 1608.
Total: 1.748625 ms (FindLiveObjects: 0.253292 ms CreateObjectMapping: 0.027334 ms MarkObjects: 1.410250 ms  DeleteObjects: 0.055584 ms)

========================================================================
Received Prepare
Registering precompiled user dll's ...
Registered in 0.001698 seconds.
Begin MonoManager ReloadAssembly
Native extension for OSXStandalone target not found
Refreshing native plugins compatible for Editor in 0.26 ms, found 1 plugins.
Preloading 0 native plugins for Editor in 0.00 ms.
Invoked RoslynAnalysisRunner static constructor.
RoslynAnalysisRunner will not be running.
RoslynAnalysisRunner has terminated.
Mono: successfully reloaded assembly
- Completed reload, in  1.560 seconds
Platform modules already initialized, skipping
Refreshing native plugins compatible for Editor in 0.15 ms, found 1 plugins.
Preloading 0 native plugins for Editor in 0.00 ms.
Unloading 1148 Unused Serialized files (Serialized files now loaded: 0)
System memory in use before: 130.9 MB.
System memory in use after: 131.0 MB.

Unloading 5 unused Assets to reduce memory usage. Loaded Objects now: 1611.
Total: 1.182583 ms (FindLiveObjects: 0.119833 ms CreateObjectMapping: 0.026750 ms MarkObjects: 0.985459 ms  DeleteObjects: 0.049584 ms)

========================================================================
Received Prepare
Registering precompiled user dll's ...
Registered in 0.000410 seconds.
Begin MonoManager ReloadAssembly
Native extension for OSXStandalone target not found
Refreshing native plugins compatible for Editor in 0.22 ms, found 1 plugins.
Preloading 0 native plugins for Editor in 0.00 ms.
Invoked RoslynAnalysisRunner static constructor.
RoslynAnalysisRunner will not be running.
RoslynAnalysisRunner has terminated.
Mono: successfully reloaded assembly
- Completed reload, in  1.592 seconds
Platform modules already initialized, skipping
Refreshing native plugins compatible for Editor in 0.27 ms, found 1 plugins.
Preloading 0 native plugins for Editor in 0.00 ms.
Unloading 1148 Unused Serialized files (Serialized files now loaded: 0)
System memory in use before: 132.6 MB.
System memory in use after: 132.7 MB.

Unloading 5 unused Assets to reduce memory usage. Loaded Objects now: 1614.
Total: 2.454417 ms (FindLiveObjects: 0.231417 ms CreateObjectMapping: 0.046916 ms MarkObjects: 2.096959 ms  DeleteObjects: 0.077458 ms)

========================================================================
Received Prepare
Registering precompiled user dll's ...
Registered in 0.001040 seconds.
Begin MonoManager ReloadAssembly
Native extension for OSXStandalone target not found
Refreshing native plugins compatible for Editor in 0.26 ms, found 1 plugins.
Preloading 0 native plugins for Editor in 0.00 ms.
Invoked RoslynAnalysisRunner static constructor.
RoslynAnalysisRunner will not be running.
RoslynAnalysisRunner has terminated.
Mono: successfully reloaded assembly
- Completed reload, in  1.732 seconds
Platform modules already initialized, skipping
Refreshing native plugins compatible for Editor in 0.21 ms, found 1 plugins.
Preloading 0 native plugins for Editor in 0.00 ms.
Unloading 1148 Unused Serialized files (Serialized files now loaded: 0)
System memory in use before: 134.4 MB.
System memory in use after: 134.4 MB.

Unloading 5 unused Assets to reduce memory usage. Loaded Objects now: 1617.
Total: 3.304417 ms (FindLiveObjects: 0.235459 ms CreateObjectMapping: 0.047708 ms MarkObjects: 2.951208 ms  DeleteObjects: 0.068792 ms)

========================================================================
Received Prepare
Registering precompiled user dll's ...
Registered in 0.000441 seconds.
Begin MonoManager ReloadAssembly
Native extension for OSXStandalone target not found
Refreshing native plugins compatible for Editor in 0.31 ms, found 1 plugins.
Preloading 0 native plugins for Editor in 0.00 ms.
Invoked RoslynAnalysisRunner static constructor.
RoslynAnalysisRunner will not be running.
RoslynAnalysisRunner has terminated.
Mono: successfully reloaded assembly
- Completed reload, in  1.551 seconds
Platform modules already initialized, skipping
Refreshing native plugins compatible for Editor in 0.17 ms, found 1 plugins.
Preloading 0 native plugins for Editor in 0.00 ms.
Unloading 1148 Unused Serialized files (Serialized files now loaded: 0)
System memory in use before: 136.1 MB.
System memory in use after: 136.2 MB.

Unloading 5 unused Assets to reduce memory usage. Loaded Objects now: 1620.
Total: 1.250333 ms (FindLiveObjects: 0.142833 ms CreateObjectMapping: 0.023917 ms MarkObjects: 1.023500 ms  DeleteObjects: 0.058583 ms)

========================================================================
Received Prepare
Registering precompiled user dll's ...
Registered in 0.001250 seconds.
Begin MonoManager ReloadAssembly
Native extension for OSXStandalone target not found
Refreshing native plugins compatible for Editor in 0.31 ms, found 1 plugins.
Preloading 0 native plugins for Editor in 0.00 ms.
Invoked RoslynAnalysisRunner static constructor.
RoslynAnalysisRunner will not be running.
RoslynAnalysisRunner has terminated.
Mono: successfully reloaded assembly
- Completed reload, in  1.688 seconds
Platform modules already initialized, skipping
Refreshing native plugins compatible for Editor in 0.19 ms, found 1 plugins.
Preloading 0 native plugins for Editor in 0.00 ms.
Unloading 1148 Unused Serialized files (Serialized files now loaded: 0)
System memory in use before: 137.8 MB.
System memory in use after: 137.9 MB.

Unloading 5 unused Assets to reduce memory usage. Loaded Objects now: 1623.
Total: 1.580750 ms (FindLiveObjects: 0.138500 ms CreateObjectMapping: 0.044208 ms MarkObjects: 1.338042 ms  DeleteObjects: 0.058708 ms)

========================================================================
Received Prepare
Registering precompiled user dll's ...
Registered in 0.000450 seconds.
Begin MonoManager ReloadAssembly
Native extension for OSXStandalone target not found
Refreshing native plugins compatible for Editor in 0.36 ms, found 1 plugins.
Preloading 0 native plugins for Editor in 0.00 ms.
Invoked RoslynAnalysisRunner static constructor.
RoslynAnalysisRunner will not be running.
RoslynAnalysisRunner has terminated.
Mono: successfully reloaded assembly
- Completed reload, in  1.582 seconds
Platform modules already initialized, skipping
Refreshing native plugins compatible for Editor in 0.20 ms, found 1 plugins.
Preloading 0 native plugins for Editor in 0.00 ms.
Unloading 1148 Unused Serialized files (Serialized files now loaded: 0)
System memory in use before: 139.5 MB.
System memory in use after: 139.6 MB.

Unloading 5 unused Assets to reduce memory usage. Loaded Objects now: 1626.
Total: 1.540625 ms (FindLiveObjects: 0.172959 ms CreateObjectMapping: 0.045125 ms MarkObjects: 1.260334 ms  DeleteObjects: 0.060916 ms)

========================================================================
Received Prepare
Registering precompiled user dll's ...
Registered in 0.000804 seconds.
Begin MonoManager ReloadAssembly
Native extension for OSXStandalone target not found
Refreshing native plugins compatible for Editor in 0.31 ms, found 1 plugins.
Preloading 0 native plugins for Editor in 0.00 ms.
Invoked RoslynAnalysisRunner static constructor.
RoslynAnalysisRunner will not be running.
RoslynAnalysisRunner has terminated.
Mono: successfully reloaded assembly
- Completed reload, in  1.666 seconds
Platform modules already initialized, skipping
Refreshing native plugins compatible for Editor in 0.26 ms, found 1 plugins.
Preloading 0 native plugins for Editor in 0.00 ms.
Unloading 1148 Unused Serialized files (Serialized files now loaded: 0)
System memory in use before: 141.2 MB.
System memory in use after: 141.3 MB.

Unloading 5 unused Assets to reduce memory usage. Loaded Objects now: 1629.
Total: 2.862375 ms (FindLiveObjects: 0.349708 ms CreateObjectMapping: 0.058792 ms MarkObjects: 2.363208 ms  DeleteObjects: 0.088833 ms)

========================================================================
Received Prepare
Registering precompiled user dll's ...
Registered in 0.000725 seconds.
Begin MonoManager ReloadAssembly
Native extension for OSXStandalone target not found
Refreshing native plugins compatible for Editor in 0.21 ms, found 1 plugins.
Preloading 0 native plugins for Editor in 0.00 ms.
Invoked RoslynAnalysisRunner static constructor.
RoslynAnalysisRunner will not be running.
RoslynAnalysisRunner has terminated.
Mono: successfully reloaded assembly
- Completed reload, in  1.518 seconds
Platform modules already initialized, skipping
Refreshing native plugins compatible for Editor in 0.22 ms, found 1 plugins.
Preloading 0 native plugins for Editor in 0.00 ms.
Unloading 1148 Unused Serialized files (Serialized files now loaded: 0)
System memory in use before: 142.9 MB.
System memory in use after: 143.0 MB.

Unloading 5 unused Assets to reduce memory usage. Loaded Objects now: 1632.
Total: 1.206417 ms (FindLiveObjects: 0.119541 ms CreateObjectMapping: 0.023208 ms MarkObjects: 1.012834 ms  DeleteObjects: 0.049708 ms)

========================================================================
Received Prepare
Registering precompiled user dll's ...
Registered in 0.000730 seconds.
Begin MonoManager ReloadAssembly
Native extension for OSXStandalone target not found
Refreshing native plugins compatible for Editor in 0.22 ms, found 1 plugins.
Preloading 0 native plugins for Editor in 0.00 ms.
Invoked RoslynAnalysisRunner static constructor.
RoslynAnalysisRunner will not be running.
RoslynAnalysisRunner has terminated.
Mono: successfully reloaded assembly
- Completed reload, in  1.519 seconds
Platform modules already initialized, skipping
Refreshing native plugins compatible for Editor in 0.16 ms, found 1 plugins.
Preloading 0 native plugins for Editor in 0.00 ms.
Unloading 1148 Unused Serialized files (Serialized files now loaded: 0)
System memory in use before: 144.7 MB.
System memory in use after: 144.8 MB.

Unloading 5 unused Assets to reduce memory usage. Loaded Objects now: 1635.
Total: 1.225459 ms (FindLiveObjects: 0.138375 ms CreateObjectMapping: 0.025666 ms MarkObjects: 1.004542 ms  DeleteObjects: 0.055917 ms)

========================================================================
Received Import Request.
  Time since last request: 423.159519 seconds.
  path: Assets/Images/23104711.png
  artifactKey: Guid(645e4b93f4c47451198d58aae0d861dc) Importer(815301076,1909f56bfc062723c751e8b465ee728b)
Start importing Assets/Images/23104711.png using Guid(645e4b93f4c47451198d58aae0d861dc) Importer(815301076,1909f56bfc062723c751e8b465ee728b)  -> (artifact id: 'cfa9c6c4b5d803495cb1d438d01ee9e0') in 0.187475 seconds
  Import took 0.194946 seconds .

========================================================================
Received Import Request.
  Time since last request: 5.116004 seconds.
  path: Assets/Images/Oshi.png
  artifactKey: Guid(645e4b93f4c47451198d58aae0d861dc) Importer(815301076,1909f56bfc062723c751e8b465ee728b)
Start importing Assets/Images/Oshi.png using Guid(645e4b93f4c47451198d58aae0d861dc) Importer(815301076,1909f56bfc062723c751e8b465ee728b)  -> (artifact id: '02b8e9320b2659669de04379767e2658') in 0.026390 seconds
  Import took 0.029051 seconds .

========================================================================
Received Import Request.
  Time since last request: 235.703667 seconds.
  path: Assets/Scenes/Stage1.unity
  artifactKey: Guid(8ba0c04cd8bd546feaa39750a4a4095f) Importer(815301076,1909f56bfc062723c751e8b465ee728b)
Start importing Assets/Scenes/Stage1.unity using Guid(8ba0c04cd8bd546feaa39750a4a4095f) Importer(815301076,1909f56bfc062723c751e8b465ee728b)  -> (artifact id: '73adc80da79ae70fe59062414e892199') in 0.011580 seconds
  Import took 0.021274 seconds .

========================================================================
Received Import Request.
  Time since last request: 69.805060 seconds.
  path: Assets/Scenes/Stage1.unity
  artifactKey: Guid(8ba0c04cd8bd546feaa39750a4a4095f) Importer(815301076,1909f56bfc062723c751e8b465ee728b)
Start importing Assets/Scenes/Stage1.unity using Guid(8ba0c04cd8bd546feaa39750a4a4095f) Importer(815301076,1909f56bfc062723c751e8b465ee728b)  -> (artifact id: 'dc68ec389484b3b2a674e806d421f2ad') in 0.005063 seconds
  Import took 0.026850 seconds .

========================================================================
Received Import Request.
  Time since last request: 0.400483 seconds.
  path: Assets/Scenes/Stage2.unity
  artifactKey: Guid(4f946c5fed6e3470a97964e0fd153b7a) Importer(815301076,1909f56bfc062723c751e8b465ee728b)
Start importing Assets/Scenes/Stage2.unity using Guid(4f946c5fed6e3470a97964e0fd153b7a) Importer(815301076,1909f56bfc062723c751e8b465ee728b)  -> (artifact id: '179833dc63ce9e01831a7eb206fac2bd') in 0.004081 seconds
  Import took 0.008131 seconds .

========================================================================
Received Import Request.
  Time since last request: 21.020783 seconds.
  path: Assets/Scenes/Stage1.unity
  artifactKey: Guid(8ba0c04cd8bd546feaa39750a4a4095f) Importer(815301076,1909f56bfc062723c751e8b465ee728b)
Start importing Assets/Scenes/Stage1.unity using Guid(8ba0c04cd8bd546feaa39750a4a4095f) Importer(815301076,1909f56bfc062723c751e8b465ee728b)  -> (artifact id: '7c18c15e533f0c77a36c8ee9b6312772') in 0.004052 seconds
  Import took 0.013757 seconds .

========================================================================
Received Import Request.
  Time since last request: 104.807693 seconds.
  path: Assets/Scenes/Stage3.unity
  artifactKey: Guid(a081b3b0ccda249c5a403852b1def41b) Importer(815301076,1909f56bfc062723c751e8b465ee728b)
Start importing Assets/Scenes/Stage3.unity using Guid(a081b3b0ccda249c5a403852b1def41b) Importer(815301076,1909f56bfc062723c751e8b465ee728b)  -> (artifact id: '260ec7b62cbd1e8064f758df15c29346') in 0.007056 seconds
  Import took 0.016302 seconds .

========================================================================
Received Import Request.
  Time since last request: 117.792772 seconds.
  path: Assets/Scenes/Stage1.unity
  artifactKey: Guid(8ba0c04cd8bd546feaa39750a4a4095f) Importer(815301076,1909f56bfc062723c751e8b465ee728b)
Start importing Assets/Scenes/Stage1.unity using Guid(8ba0c04cd8bd546feaa39750a4a4095f) Importer(815301076,1909f56bfc062723c751e8b465ee728b)  -> (artifact id: '2c3f89c81aa3ce7cba25efcbff809c15') in 0.002900 seconds
  Import took 0.010232 seconds .

========================================================================
Received Import Request.
  Time since last request: 7.874680 seconds.
  path: Assets/Scenes/Stage3.unity
  artifactKey: Guid(a081b3b0ccda249c5a403852b1def41b) Importer(815301076,1909f56bfc062723c751e8b465ee728b)
Start importing Assets/Scenes/Stage3.unity using Guid(a081b3b0ccda249c5a403852b1def41b) Importer(815301076,1909f56bfc062723c751e8b465ee728b)  -> (artifact id: 'df3c1e7a30a72fce543e8192df3ace81') in 0.002886 seconds
  Import took 0.006224 seconds .

========================================================================
Received Import Request.
  Time since last request: 101.849423 seconds.
  path: Assets/Images/23854999.png
  artifactKey: Guid(2ae4d9330e0064a1480e8448fc3e95d7) Importer(815301076,1909f56bfc062723c751e8b465ee728b)
Start importing Assets/Images/23854999.png using Guid(2ae4d9330e0064a1480e8448fc3e95d7) Importer(815301076,1909f56bfc062723c751e8b465ee728b)  -> (artifact id: '97f06e4c3c87cfc9d382ae82139f979d') in 0.034681 seconds
  Import took 0.043895 seconds .

========================================================================
Received Import Request.
  Time since last request: 6.858320 seconds.
  path: Assets/Images/Rival.png
  artifactKey: Guid(2ae4d9330e0064a1480e8448fc3e95d7) Importer(815301076,1909f56bfc062723c751e8b465ee728b)
Start importing Assets/Images/Rival.png using Guid(2ae4d9330e0064a1480e8448fc3e95d7) Importer(815301076,1909f56bfc062723c751e8b465ee728b)  -> (artifact id: '9db3dee7241aa0eec9da9d4fc183d37b') in 0.013257 seconds
  Import took 0.017082 seconds .

========================================================================
Received Import Request.
  Time since last request: 620.866707 seconds.
  path: Assets/Images/22772267のコピー.png
  artifactKey: Guid(843aee67c6e3f4e89bcb5f6d7cff8bb1) Importer(815301076,1909f56bfc062723c751e8b465ee728b)
Start importing Assets/Images/22772267のコピー.png using Guid(843aee67c6e3f4e89bcb5f6d7cff8bb1) Importer(815301076,1909f56bfc062723c751e8b465ee728b)  -> (artifact id: '5f8d33dc8607f6665f5c6106fb7c84a4') in 0.043677 seconds
  Import took 0.063518 seconds .

========================================================================
Received Import Request.
  Time since last request: 16.185603 seconds.
  path: Assets/Images/badge.png
  artifactKey: Guid(843aee67c6e3f4e89bcb5f6d7cff8bb1) Importer(815301076,1909f56bfc062723c751e8b465ee728b)
Start importing Assets/Images/badge.png using Guid(843aee67c6e3f4e89bcb5f6d7cff8bb1) Importer(815301076,1909f56bfc062723c751e8b465ee728b)  -> (artifact id: '7ce899de401fdaaca554658c735625fd') in 0.026707 seconds
  Import took 0.035996 seconds .

========================================================================
Received Import Request.
  Time since last request: 0.000677 seconds.
  path: Assets/Images/badge.png
  artifactKey: Guid(843aee67c6e3f4e89bcb5f6d7cff8bb1) Importer(815301076,1909f56bfc062723c751e8b465ee728b)
Start importing Assets/Images/badge.png using Guid(843aee67c6e3f4e89bcb5f6d7cff8bb1) Importer(815301076,1909f56bfc062723c751e8b465ee728b)  -> (artifact id: '7ce899de401fdaaca554658c735625fd') in 0.019614 seconds
  Import took 0.022631 seconds .

========================================================================
Received Import Request.
  Time since last request: 195.184830 seconds.
  path: Assets/Scenes/Stage3.unity
  artifactKey: Guid(a081b3b0ccda249c5a403852b1def41b) Importer(815301076,1909f56bfc062723c751e8b465ee728b)
Start importing Assets/Scenes/Stage3.unity using Guid(a081b3b0ccda249c5a403852b1def41b) Importer(815301076,1909f56bfc062723c751e8b465ee728b)  -> (artifact id: '91675f4bbc0e040c4d2bd2e3a35872ac') in 0.004999 seconds
  Import took 0.012417 seconds .

========================================================================
Received Import Request.
  Time since last request: 86.589100 seconds.
  path: Assets/Scenes/Stage2.unity
  artifactKey: Guid(4f946c5fed6e3470a97964e0fd153b7a) Importer(815301076,1909f56bfc062723c751e8b465ee728b)
Start importing Assets/Scenes/Stage2.unity using Guid(4f946c5fed6e3470a97964e0fd153b7a) Importer(815301076,1909f56bfc062723c751e8b465ee728b)  -> (artifact id: 'db853e2893bd2c3b9b9af11da233dc5a') in 0.003137 seconds
  Import took 0.010807 seconds .

========================================================================
Received Import Request.
  Time since last request: 25.195572 seconds.
  path: Assets/Scenes/Stage3.unity
  artifactKey: Guid(a081b3b0ccda249c5a403852b1def41b) Importer(815301076,1909f56bfc062723c751e8b465ee728b)
Start importing Assets/Scenes/Stage3.unity using Guid(a081b3b0ccda249c5a403852b1def41b) Importer(815301076,1909f56bfc062723c751e8b465ee728b)  -> (artifact id: 'ae4aa119db807d9d9b10e86b8e1f5785') in 0.002765 seconds
  Import took 0.011438 seconds .

========================================================================
Received Import Request.
  Time since last request: 487.307079 seconds.
  path: Assets/Scenes/Stage1.unity
  artifactKey: Guid(8ba0c04cd8bd546feaa39750a4a4095f) Importer(815301076,1909f56bfc062723c751e8b465ee728b)
Start importing Assets/Scenes/Stage1.unity using Guid(8ba0c04cd8bd546feaa39750a4a4095f) Importer(815301076,1909f56bfc062723c751e8b465ee728b)  -> (artifact id: '0234394960df9564340c763442b8deef') in 0.003722 seconds
  Import took 0.016497 seconds .

========================================================================
Received Import Request.
  Time since last request: 693.585128 seconds.
  path: Assets/Images/heartdot-15.png
  artifactKey: Guid(a87547a4f94374d318427cd64869defe) Importer(815301076,1909f56bfc062723c751e8b465ee728b)
Start importing Assets/Images/heartdot-15.png using Guid(a87547a4f94374d318427cd64869defe) Importer(815301076,1909f56bfc062723c751e8b465ee728b)  -> (artifact id: 'e938b119ef8acf0069c1146e2e0ea9f9') in 0.049285 seconds
  Import took 0.085603 seconds .

========================================================================
Received Import Request.
  Time since last request: 45.445576 seconds.
  path: Assets/Scenes/Stage2.unity
  artifactKey: Guid(4f946c5fed6e3470a97964e0fd153b7a) Importer(815301076,1909f56bfc062723c751e8b465ee728b)
Start importing Assets/Scenes/Stage2.unity using Guid(4f946c5fed6e3470a97964e0fd153b7a) Importer(815301076,1909f56bfc062723c751e8b465ee728b)  -> (artifact id: '0418d0ad3e753c6346ea9e28ea2b1156') in 0.003889 seconds
  Import took 0.013862 seconds .

========================================================================
Received Import Request.
  Time since last request: 8.086284 seconds.
  path: Assets/Scenes/Stage3.unity
  artifactKey: Guid(a081b3b0ccda249c5a403852b1def41b) Importer(815301076,1909f56bfc062723c751e8b465ee728b)
Start importing Assets/Scenes/Stage3.unity using Guid(a081b3b0ccda249c5a403852b1def41b) Importer(815301076,1909f56bfc062723c751e8b465ee728b)  -> (artifact id: '744e7c55e2ed2d3434441e7d92fab494') in 0.005561 seconds
  Import took 0.012026 seconds .

========================================================================
Received Import Request.
  Time since last request: 897.390690 seconds.
  path: Assets/Images/fuwa55.png
  artifactKey: Guid(ff21aade661414732b6d07e736d30096) Importer(815301076,1909f56bfc062723c751e8b465ee728b)
Start importing Assets/Images/fuwa55.png using Guid(ff21aade661414732b6d07e736d30096) Importer(815301076,1909f56bfc062723c751e8b465ee728b)  -> (artifact id: '540c9c6709e26d33484625252e35d5ca') in 0.053862 seconds
  Import took 0.063673 seconds .

========================================================================
Received Import Request.
  Time since last request: 260.543387 seconds.
  path: Assets/Images/va2022-284.png
  artifactKey: Guid(e44ba5a33f1ce4e9a9558fe5a86be5f1) Importer(815301076,1909f56bfc062723c751e8b465ee728b)
Start importing Assets/Images/va2022-284.png using Guid(e44ba5a33f1ce4e9a9558fe5a86be5f1) Importer(815301076,1909f56bfc062723c751e8b465ee728b)  -> (artifact id: 'e41672ce4502b6ec27c54663821a923a') in 0.051114 seconds
  Import took 0.063563 seconds .

========================================================================
Received Import Request.
  Time since last request: 26.506269 seconds.
  path: Assets/Scenes/Stage2.unity
  artifactKey: Guid(4f946c5fed6e3470a97964e0fd153b7a) Importer(815301076,1909f56bfc062723c751e8b465ee728b)
Start importing Assets/Scenes/Stage2.unity using Guid(4f946c5fed6e3470a97964e0fd153b7a) Importer(815301076,1909f56bfc062723c751e8b465ee728b)  -> (artifact id: 'de8841dde00e172ebc7fee956c847f1a') in 0.006456 seconds
  Import took 0.016545 seconds .

========================================================================
Received Import Request.
  Time since last request: 622.117945 seconds.
  path: Assets/Fonts/fluffy-Gothic.ttf
  artifactKey: Guid(57bc13aec8cf84bc0a653e1234874977) Importer(815301076,1909f56bfc062723c751e8b465ee728b)
Start importing Assets/Fonts/fluffy-Gothic.ttf using Guid(57bc13aec8cf84bc0a653e1234874977) Importer(815301076,1909f56bfc062723c751e8b465ee728b)  -> (artifact id: '192f0bbf8530125d9a8290aed81ac89b') in 1.384931 seconds
  Import took 1.394180 seconds .

========================================================================
Received Import Request.
  Time since last request: 0.000629 seconds.
  path: Assets/Fonts/setofont.ttf
  artifactKey: Guid(4ce75d45701124a60a904b4754f2b10f) Importer(815301076,1909f56bfc062723c751e8b465ee728b)
Start importing Assets/Fonts/setofont.ttf using Guid(4ce75d45701124a60a904b4754f2b10f) Importer(815301076,1909f56bfc062723c751e8b465ee728b)  -> (artifact id: 'b1a3e0a46eaf7d580e3486a7a8067b77') in 0.021871 seconds
  Import took 0.025733 seconds .

========================================================================
Received Import Request.
  Time since last request: 822.863225 seconds.
  path: Assets/Images/tegakigara27 1.png
  artifactKey: Guid(e9e93b5cfb4af4c66aa40fea3453e1b6) Importer(815301076,1909f56bfc062723c751e8b465ee728b)
Start importing Assets/Images/tegakigara27 1.png using Guid(e9e93b5cfb4af4c66aa40fea3453e1b6) Importer(815301076,1909f56bfc062723c751e8b465ee728b)  -> (artifact id: 'd228c14685d24a74a864ae0f98a499c3') in 0.037823 seconds
  Import took 0.047606 seconds .

========================================================================
Received Import Request.
  Time since last request: 0.517131 seconds.
  path: Assets/Images/tegakigara27.png
  artifactKey: Guid(189701a0fb3ca46b6965fd224dc290d3) Importer(815301076,1909f56bfc062723c751e8b465ee728b)
Start importing Assets/Images/tegakigara27.png using Guid(189701a0fb3ca46b6965fd224dc290d3) Importer(815301076,1909f56bfc062723c751e8b465ee728b)  -> (artifact id: 'efbe8efb628ab6a7c9e80378e1bd5ea8') in 0.012063 seconds
  Import took 0.016548 seconds .

========================================================================
Received Import Request.
  Time since last request: 776.592024 seconds.
  path: Assets/Images/heartdot-15_2.png
  artifactKey: Guid(41c5b5694f8e84a749740184b032286c) Importer(815301076,1909f56bfc062723c751e8b465ee728b)
Start importing Assets/Images/heartdot-15_2.png using Guid(41c5b5694f8e84a749740184b032286c) Importer(815301076,1909f56bfc062723c751e8b465ee728b)  -> (artifact id: '5f9cded3db1bf380affbf53da54f0d72') in 0.046737 seconds
  Import took 0.056442 seconds .

========================================================================
Received Import Request.
  Time since last request: 306.728491 seconds.
  path: Assets/Scenes/Stage3.unity
  artifactKey: Guid(a081b3b0ccda249c5a403852b1def41b) Importer(815301076,1909f56bfc062723c751e8b465ee728b)
Start importing Assets/Scenes/Stage3.unity using Guid(a081b3b0ccda249c5a403852b1def41b) Importer(815301076,1909f56bfc062723c751e8b465ee728b)  -> (artifact id: '52abcbda9f1198f13a6a441527e3be86') in 0.005579 seconds
  Import took 0.014502 seconds .

========================================================================
Received Import Request.
  Time since last request: 37.444500 seconds.
  path: Assets/Scenes/Stage1.unity
  artifactKey: Guid(8ba0c04cd8bd546feaa39750a4a4095f) Importer(815301076,1909f56bfc062723c751e8b465ee728b)
Start importing Assets/Scenes/Stage1.unity using Guid(8ba0c04cd8bd546feaa39750a4a4095f) Importer(815301076,1909f56bfc062723c751e8b465ee728b)  -> (artifact id: 'c1230a4bc9dbe4ff2af05936425bcd9f') in 0.004129 seconds
  Import took 0.011782 seconds .

========================================================================
Received Import Request.
  Time since last request: 1726.126197 seconds.
  path: Assets/Images/oshi-utiwa00002.png
  artifactKey: Guid(0b54ed8b4cd084bd9a6fa29e429cf41d) Importer(815301076,1909f56bfc062723c751e8b465ee728b)
Start importing Assets/Images/oshi-utiwa00002.png using Guid(0b54ed8b4cd084bd9a6fa29e429cf41d) Importer(815301076,1909f56bfc062723c751e8b465ee728b)  -> (artifact id: 'c9f0e9c653ec261254d748ba4334b6ab') in 0.070064 seconds
  Import took 0.095954 seconds .

========================================================================
Received Import Request.
  Time since last request: 447.523476 seconds.
  path: Assets/Scenes/GameOver.unity
  artifactKey: Guid(b0dc479d6aeae4a6e9408ce660e73150) Importer(815301076,1909f56bfc062723c751e8b465ee728b)
Start importing Assets/Scenes/GameOver.unity using Guid(b0dc479d6aeae4a6e9408ce660e73150) Importer(815301076,1909f56bfc062723c751e8b465ee728b)  -> (artifact id: '9b5dcd48793eae2752f35ba9666108d7') in 0.004460 seconds
  Import took 0.013960 seconds .

========================================================================
Received Import Request.
  Time since last request: 21.999131 seconds.
  path: Assets/Scenes/GameClear.unity
  artifactKey: Guid(f7344db1f6b454768a13c906fdb202a9) Importer(815301076,1909f56bfc062723c751e8b465ee728b)
Start importing Assets/Scenes/GameClear.unity using Guid(f7344db1f6b454768a13c906fdb202a9) Importer(815301076,1909f56bfc062723c751e8b465ee728b)  -> (artifact id: '4d353fe5f76c3266e297effc272f476d') in 0.011206 seconds
  Import took 0.038380 seconds .

========================================================================
Received Import Request.
  Time since last request: 6.263992 seconds.
  path: Assets/Images/live_p_si.jpg
  artifactKey: Guid(86a078dcd122f46988f13696874d803f) Importer(815301076,1909f56bfc062723c751e8b465ee728b)
Start importing Assets/Images/live_p_si.jpg using Guid(86a078dcd122f46988f13696874d803f) Importer(815301076,1909f56bfc062723c751e8b465ee728b)  -> (artifact id: '844467db03a7738f47534e59a5479c9a') in 0.648923 seconds
  Import took 0.656978 seconds .

========================================================================
Received Import Request.
  Time since last request: 13.959538 seconds.
  path: Assets/Scenes/Stage3.unity
  artifactKey: Guid(a081b3b0ccda249c5a403852b1def41b) Importer(815301076,1909f56bfc062723c751e8b465ee728b)
Start importing Assets/Scenes/Stage3.unity using Guid(a081b3b0ccda249c5a403852b1def41b) Importer(815301076,1909f56bfc062723c751e8b465ee728b)  -> (artifact id: 'c1b0994f805b96077c797b34eab4c036') in 0.003260 seconds
  Import took 0.011907 seconds .

========================================================================
Received Import Request.
  Time since last request: 53.520040 seconds.
  path: Assets/Images/heartdot-15.png
  artifactKey: Guid(a87547a4f94374d318427cd64869defe) Importer(815301076,1909f56bfc062723c751e8b465ee728b)
Start importing Assets/Images/heartdot-15.png using Guid(a87547a4f94374d318427cd64869defe) Importer(815301076,1909f56bfc062723c751e8b465ee728b)  -> (artifact id: '21abdf7aa9561233d91885aec15b78be') in 0.026690 seconds
  Import took 0.035738 seconds .

========================================================================
Received Import Request.
  Time since last request: 205.190418 seconds.
  path: Assets/Images/oshi-huusen200002.png
  artifactKey: Guid(4d6ed396c402c48869b85db1e7e68468) Importer(815301076,1909f56bfc062723c751e8b465ee728b)
Start importing Assets/Images/oshi-huusen200002.png using Guid(4d6ed396c402c48869b85db1e7e68468) Importer(815301076,1909f56bfc062723c751e8b465ee728b)  -> (artifact id: '16bd27066d75624c293e2f68ed92c744') in 0.052497 seconds
  Import took 0.066239 seconds .

========================================================================
Received Import Request.
  Time since last request: 0.667662 seconds.
  path: Assets/Images/oshi-huusen200004.png
  artifactKey: Guid(10c1166b8533a4085a5726b4d5fbbfc5) Importer(815301076,1909f56bfc062723c751e8b465ee728b)
Start importing Assets/Images/oshi-huusen200004.png using Guid(10c1166b8533a4085a5726b4d5fbbfc5) Importer(815301076,1909f56bfc062723c751e8b465ee728b)  -> (artifact id: '71c62b758d6a8cfcc616406d3440cd6b') in 0.013853 seconds
  Import took 0.018182 seconds .

========================================================================
Received Import Request.
  Time since last request: 1836.338020 seconds.
  path: Assets/Scripts/ScoreDisplay.cs
  artifactKey: Guid(4e267820d897146929d6d2925b1769aa) Importer(815301076,1909f56bfc062723c751e8b465ee728b)
Start importing Assets/Scripts/ScoreDisplay.cs using Guid(4e267820d897146929d6d2925b1769aa) Importer(815301076,1909f56bfc062723c751e8b465ee728b)  -> (artifact id: '3ec713facb903f2a3bc0f7f08c1fd994') in 1.037076 seconds
  Import took 1.073931 seconds .

========================================================================
Received Import Request.
  Time since last request: 28.125167 seconds.
  path: Assets/Scripts/ScoreDisplay.cs
  artifactKey: Guid(4e267820d897146929d6d2925b1769aa) Importer(815301076,1909f56bfc062723c751e8b465ee728b)
Start importing Assets/Scripts/ScoreDisplay.cs using Guid(4e267820d897146929d6d2925b1769aa) Importer(815301076,1909f56bfc062723c751e8b465ee728b)  -> (artifact id: 'cac442481262041f3a3f6074fe2008da') in 0.007620 seconds
  Import took 0.029829 seconds .

========================================================================
Received Import Request.
  Time since last request: 0.813162 seconds.
  path: Assets/Scripts/ScoreDisplay.cs
  artifactKey: Guid(4e267820d897146929d6d2925b1769aa) Importer(815301076,1909f56bfc062723c751e8b465ee728b)
Start importing Assets/Scripts/ScoreDisplay.cs using Guid(4e267820d897146929d6d2925b1769aa) Importer(815301076,1909f56bfc062723c751e8b465ee728b)  -> (artifact id: 'cac442481262041f3a3f6074fe2008da') in 0.004008 seconds
  Import took 0.012283 seconds .

========================================================================
Received Prepare
Registering precompiled user dll's ...
Registered in 0.000465 seconds.
Begin MonoManager ReloadAssembly
Native extension for OSXStandalone target not found
Refreshing native plugins compatible for Editor in 0.42 ms, found 1 plugins.
Preloading 0 native plugins for Editor in 0.00 ms.
Invoked RoslynAnalysisRunner static constructor.
RoslynAnalysisRunner will not be running.
RoslynAnalysisRunner has terminated.
Mono: successfully reloaded assembly
- Completed reload, in  2.098 seconds
Platform modules already initialized, skipping
Refreshing native plugins compatible for Editor in 0.19 ms, found 1 plugins.
Preloading 0 native plugins for Editor in 0.00 ms.
Unloading 1148 Unused Serialized files (Serialized files now loaded: 0)
System memory in use before: 384.0 MB.
System memory in use after: 384.1 MB.

Unloading 5 unused Assets to reduce memory usage. Loaded Objects now: 1692.
Total: 1.900791 ms (FindLiveObjects: 0.347125 ms CreateObjectMapping: 0.051541 ms MarkObjects: 1.429958 ms  DeleteObjects: 0.069791 ms)

========================================================================
Received Import Request.
  Time since last request: 1132.810426 seconds.
  path: Assets/Images/oshi-heart4150-8.png
  artifactKey: Guid(94caafbd1f15a4ed4934586899f21be3) Importer(815301076,1909f56bfc062723c751e8b465ee728b)
Start importing Assets/Images/oshi-heart4150-8.png using Guid(94caafbd1f15a4ed4934586899f21be3) Importer(815301076,1909f56bfc062723c751e8b465ee728b)  -> (artifact id: '46fd32c1d98d6feb5d64da3fd5ab12f6') in 0.373047 seconds
  Import took 0.425453 seconds .

========================================================================
Received Import Request.
  Time since last request: 474.531342 seconds.
  path: Assets/Scenes/GameClear.unity
  artifactKey: Guid(f7344db1f6b454768a13c906fdb202a9) Importer(815301076,1909f56bfc062723c751e8b465ee728b)
Start importing Assets/Scenes/GameClear.unity using Guid(f7344db1f6b454768a13c906fdb202a9) Importer(815301076,1909f56bfc062723c751e8b465ee728b)  -> (artifact id: '2ae41f1ae3d9220372f00ff00cfb489e') in 0.009509 seconds
  Import took 0.021114 seconds .

========================================================================
Received Import Request.
  Time since last request: 4.078697 seconds.
  path: Assets/Scenes/GameOver.unity
  artifactKey: Guid(b0dc479d6aeae4a6e9408ce660e73150) Importer(815301076,1909f56bfc062723c751e8b465ee728b)
Start importing Assets/Scenes/GameOver.unity using Guid(b0dc479d6aeae4a6e9408ce660e73150) Importer(815301076,1909f56bfc062723c751e8b465ee728b)  -> (artifact id: 'f3ccab02b88715d9be3e008b7676f90c') in 0.006521 seconds
  Import took 0.013786 seconds .

========================================================================
Received Import Request.
  Time since last request: 215.337419 seconds.
  path: Assets/Scenes/GameOver.unity
  artifactKey: Guid(b0dc479d6aeae4a6e9408ce660e73150) Importer(815301076,1909f56bfc062723c751e8b465ee728b)
Start importing Assets/Scenes/GameOver.unity using Guid(b0dc479d6aeae4a6e9408ce660e73150) Importer(815301076,1909f56bfc062723c751e8b465ee728b)  -> (artifact id: 'df474054c62e9de55a832927971b3405') in 0.013568 seconds
  Import took 0.029690 seconds .

========================================================================
Received Import Request.
  Time since last request: 189.652475 seconds.
  path: Assets/Scenes/Stage2.unity
  artifactKey: Guid(4f946c5fed6e3470a97964e0fd153b7a) Importer(815301076,1909f56bfc062723c751e8b465ee728b)
Start importing Assets/Scenes/Stage2.unity using Guid(4f946c5fed6e3470a97964e0fd153b7a) Importer(815301076,1909f56bfc062723c751e8b465ee728b)  -> (artifact id: '5bdb932d358a27ada1c2c182727f0df7') in 0.003612 seconds
  Import took 0.010581 seconds .

========================================================================
Received Import Request.
  Time since last request: 5.290147 seconds.
  path: Assets/Scenes/Title.unity
  artifactKey: Guid(54151b91c9c504eeab1b36a16bb1cf25) Importer(815301076,1909f56bfc062723c751e8b465ee728b)
Start importing Assets/Scenes/Title.unity using Guid(54151b91c9c504eeab1b36a16bb1cf25) Importer(815301076,1909f56bfc062723c751e8b465ee728b)  -> (artifact id: 'd3e284ad75b61a16981e06f17a93434c') in 0.004367 seconds
  Import took 0.011570 seconds .

========================================================================
Received Prepare
Registering precompiled user dll's ...
Registered in 0.000721 seconds.
Begin MonoManager ReloadAssembly
Native extension for OSXStandalone target not found
Refreshing native plugins compatible for Editor in 0.34 ms, found 1 plugins.
Preloading 0 native plugins for Editor in 0.00 ms.
Invoked RoslynAnalysisRunner static constructor.
RoslynAnalysisRunner will not be running.
RoslynAnalysisRunner has terminated.
Mono: successfully reloaded assembly
- Completed reload, in  2.171 seconds
Platform modules already initialized, skipping
Refreshing native plugins compatible for Editor in 0.17 ms, found 1 plugins.
Preloading 0 native plugins for Editor in 0.00 ms.
Unloading 1148 Unused Serialized files (Serialized files now loaded: 0)
System memory in use before: 385.9 MB.
System memory in use after: 386.0 MB.

Unloading 5 unused Assets to reduce memory usage. Loaded Objects now: 1698.
Total: 1.583083 ms (FindLiveObjects: 0.390833 ms CreateObjectMapping: 0.049375 ms MarkObjects: 1.073833 ms  DeleteObjects: 0.067084 ms)

========================================================================
Received Import Request.
  Time since last request: 55.145490 seconds.
  path: Assets/Scenes/Stage1.unity
  artifactKey: Guid(8ba0c04cd8bd546feaa39750a4a4095f) Importer(815301076,1909f56bfc062723c751e8b465ee728b)
Start importing Assets/Scenes/Stage1.unity using Guid(8ba0c04cd8bd546feaa39750a4a4095f) Importer(815301076,1909f56bfc062723c751e8b465ee728b)  -> (artifact id: '52ed59fca91f6ec7d36bfe4d5701987c') in 0.047570 seconds
  Import took 0.063021 seconds .

========================================================================
Received Prepare
Registering precompiled user dll's ...
Registered in 0.000961 seconds.
Begin MonoManager ReloadAssembly
Native extension for OSXStandalone target not found
Refreshing native plugins compatible for Editor in 0.23 ms, found 1 plugins.
Preloading 0 native plugins for Editor in 0.00 ms.
Invoked RoslynAnalysisRunner static constructor.
RoslynAnalysisRunner will not be running.
RoslynAnalysisRunner has terminated.
Mono: successfully reloaded assembly
- Completed reload, in  1.690 seconds
Platform modules already initialized, skipping
Refreshing native plugins compatible for Editor in 0.24 ms, found 1 plugins.
Preloading 0 native plugins for Editor in 0.00 ms.
Unloading 1148 Unused Serialized files (Serialized files now loaded: 0)
System memory in use before: 387.7 MB.
System memory in use after: 387.8 MB.

Unloading 5 unused Assets to reduce memory usage. Loaded Objects now: 1701.
Total: 1.326708 ms (FindLiveObjects: 0.186791 ms CreateObjectMapping: 0.025584 ms MarkObjects: 1.048750 ms  DeleteObjects: 0.064041 ms)

========================================================================
Received Import Request.
  Time since last request: 83.861444 seconds.
  path: Assets/Scenes/GameOver.unity
  artifactKey: Guid(b0dc479d6aeae4a6e9408ce660e73150) Importer(815301076,1909f56bfc062723c751e8b465ee728b)
Start importing Assets/Scenes/GameOver.unity using Guid(b0dc479d6aeae4a6e9408ce660e73150) Importer(815301076,1909f56bfc062723c751e8b465ee728b)  -> (artifact id: 'a23d4ba54b56dc56e439377e5d616da5') in 0.048078 seconds
  Import took 0.055317 seconds .

========================================================================
Received Prepare
Registering precompiled user dll's ...
Registered in 0.000895 seconds.
Begin MonoManager ReloadAssembly
Native extension for OSXStandalone target not found
Refreshing native plugins compatible for Editor in 0.27 ms, found 1 plugins.
Preloading 0 native plugins for Editor in 0.00 ms.
Invoked RoslynAnalysisRunner static constructor.
RoslynAnalysisRunner will not be running.
RoslynAnalysisRunner has terminated.
Mono: successfully reloaded assembly
- Completed reload, in  1.739 seconds
Platform modules already initialized, skipping
Refreshing native plugins compatible for Editor in 0.19 ms, found 1 plugins.
Preloading 0 native plugins for Editor in 0.00 ms.
Unloading 1148 Unused Serialized files (Serialized files now loaded: 0)
System memory in use before: 389.4 MB.
System memory in use after: 389.5 MB.

Unloading 5 unused Assets to reduce memory usage. Loaded Objects now: 1704.
Total: 1.245625 ms (FindLiveObjects: 0.179459 ms CreateObjectMapping: 0.026709 ms MarkObjects: 0.973375 ms  DeleteObjects: 0.064917 ms)

========================================================================
Received Import Request.
  Time since last request: 103.175590 seconds.
  path: Assets/Scenes/Stage3.unity
  artifactKey: Guid(a081b3b0ccda249c5a403852b1def41b) Importer(815301076,1909f56bfc062723c751e8b465ee728b)
Start importing Assets/Scenes/Stage3.unity using Guid(a081b3b0ccda249c5a403852b1def41b) Importer(815301076,1909f56bfc062723c751e8b465ee728b)  -> (artifact id: 'f473a0fe2b35a83f393dcd74eee92573') in 0.054600 seconds
  Import took 0.061719 seconds .

========================================================================
Received Prepare
Registering precompiled user dll's ...
Registered in 0.000912 seconds.
Begin MonoManager ReloadAssembly
Native extension for OSXStandalone target not found
Refreshing native plugins compatible for Editor in 0.41 ms, found 1 plugins.
Preloading 0 native plugins for Editor in 0.00 ms.
Invoked RoslynAnalysisRunner static constructor.
RoslynAnalysisRunner will not be running.
RoslynAnalysisRunner has terminated.
Mono: successfully reloaded assembly
- Completed reload, in  1.810 seconds
Platform modules already initialized, skipping
Refreshing native plugins compatible for Editor in 0.18 ms, found 1 plugins.
Preloading 0 native plugins for Editor in 0.00 ms.
Unloading 1148 Unused Serialized files (Serialized files now loaded: 0)
System memory in use before: 391.2 MB.
System memory in use after: 391.2 MB.

Unloading 5 unused Assets to reduce memory usage. Loaded Objects now: 1707.
Total: 1.341500 ms (FindLiveObjects: 0.182584 ms CreateObjectMapping: 0.048750 ms MarkObjects: 1.039750 ms  DeleteObjects: 0.069417 ms)

========================================================================
Received Import Request.
  Time since last request: 28.865301 seconds.
  path: Assets/Scenes/Stage3.unity
  artifactKey: Guid(a081b3b0ccda249c5a403852b1def41b) Importer(815301076,1909f56bfc062723c751e8b465ee728b)
Start importing Assets/Scenes/Stage3.unity using Guid(a081b3b0ccda249c5a403852b1def41b) Importer(815301076,1909f56bfc062723c751e8b465ee728b)  -> (artifact id: 'a480607910e9af1ac7f18f2810fa1ff3') in 0.042637 seconds
  Import took 0.052881 seconds .

========================================================================
Received Import Request.
  Time since last request: 70.543740 seconds.
  path: Assets/Images/va2022-284 1.png
  artifactKey: Guid(33657cfab46104d94a9ea4f2d09b5ada) Importer(815301076,1909f56bfc062723c751e8b465ee728b)
Start importing Assets/Images/va2022-284 1.png using Guid(33657cfab46104d94a9ea4f2d09b5ada) Importer(815301076,1909f56bfc062723c751e8b465ee728b)  -> (artifact id: '025d9be05da1884548a82ce23ae4106d') in 0.205345 seconds
  Import took 0.219479 seconds .

========================================================================
Received Import Request.
  Time since last request: 119.951407 seconds.
  path: Assets/Images/tegakigara27 1.png
  artifactKey: Guid(e9e93b5cfb4af4c66aa40fea3453e1b6) Importer(815301076,1909f56bfc062723c751e8b465ee728b)
Start importing Assets/Images/tegakigara27 1.png using Guid(e9e93b5cfb4af4c66aa40fea3453e1b6) Importer(815301076,1909f56bfc062723c751e8b465ee728b)  -> (artifact id: 'b701de6ed3e5c8ca4b8625b0c9ddcb5a') in 0.043786 seconds
  Import took 0.056003 seconds .

========================================================================
Received Import Request.
  Time since last request: 4.871688 seconds.
  path: Assets/Images/tegakigara27.png
  artifactKey: Guid(189701a0fb3ca46b6965fd224dc290d3) Importer(815301076,1909f56bfc062723c751e8b465ee728b)
Start importing Assets/Images/tegakigara27.png using Guid(189701a0fb3ca46b6965fd224dc290d3) Importer(815301076,1909f56bfc062723c751e8b465ee728b)  -> (artifact id: '19ce60198c4e04121676a2f7a3bbb4ef') in 0.023607 seconds
  Import took 0.029195 seconds .

========================================================================
Received Prepare
Registering precompiled user dll's ...
Registered in 0.000735 seconds.
Begin MonoManager ReloadAssembly
Native extension for OSXStandalone target not found
Refreshing native plugins compatible for Editor in 0.30 ms, found 1 plugins.
Preloading 0 native plugins for Editor in 0.00 ms.
Invoked RoslynAnalysisRunner static constructor.
RoslynAnalysisRunner will not be running.
RoslynAnalysisRunner has terminated.
Mono: successfully reloaded assembly
- Completed reload, in  1.843 seconds
Platform modules already initialized, skipping
Refreshing native plugins compatible for Editor in 0.19 ms, found 1 plugins.
Preloading 0 native plugins for Editor in 0.00 ms.
Unloading 1148 Unused Serialized files (Serialized files now loaded: 0)
System memory in use before: 393.1 MB.
System memory in use after: 393.1 MB.

Unloading 5 unused Assets to reduce memory usage. Loaded Objects now: 1711.
Total: 3.228042 ms (FindLiveObjects: 0.425583 ms CreateObjectMapping: 0.050625 ms MarkObjects: 2.668000 ms  DeleteObjects: 0.082834 ms)

========================================================================
Received Import Request.
  Time since last request: 510.301121 seconds.
  path: Assets/Images/hearts-p1 (1) 1.png
  artifactKey: Guid(7bf4ead6275e444b5a378babbf40b69c) Importer(815301076,1909f56bfc062723c751e8b465ee728b)
Start importing Assets/Images/hearts-p1 (1) 1.png using Guid(7bf4ead6275e444b5a378babbf40b69c) Importer(815301076,1909f56bfc062723c751e8b465ee728b)  -> (artifact id: 'a5d7c0502a56a9a456ac28972f255a5f') in 0.225514 seconds
  Import took 0.250068 seconds .

========================================================================
Received Import Request.
  Time since last request: 3.611741 seconds.
  path: Assets/Images/live-awa02.jpg
  artifactKey: Guid(0bebccd8a20ed410592d2fcca1ad6091) Importer(815301076,1909f56bfc062723c751e8b465ee728b)
Start importing Assets/Images/live-awa02.jpg using Guid(0bebccd8a20ed410592d2fcca1ad6091) Importer(815301076,1909f56bfc062723c751e8b465ee728b)  -> (artifact id: '568ec15b80aab0c600723adbb7056060') in 0.028263 seconds
  Import took 0.037946 seconds .

========================================================================
Received Import Request.
  Time since last request: 18.086638 seconds.
  path: Assets/Scenes/GameClear.unity
  artifactKey: Guid(f7344db1f6b454768a13c906fdb202a9) Importer(815301076,1909f56bfc062723c751e8b465ee728b)
Start importing Assets/Scenes/GameClear.unity using Guid(f7344db1f6b454768a13c906fdb202a9) Importer(815301076,1909f56bfc062723c751e8b465ee728b)  -> (artifact id: '93818a741b69d48d28b0f77bbff76c28') in 0.005836 seconds
  Import took 0.015790 seconds .

========================================================================
Received Import Request.
  Time since last request: 2.224926 seconds.
  path: Assets/Scenes/GameOver.unity
  artifactKey: Guid(b0dc479d6aeae4a6e9408ce660e73150) Importer(815301076,1909f56bfc062723c751e8b465ee728b)
Start importing Assets/Scenes/GameOver.unity using Guid(b0dc479d6aeae4a6e9408ce660e73150) Importer(815301076,1909f56bfc062723c751e8b465ee728b)  -> (artifact id: '69b38b3a3427aa44452b49744f8c0e5b') in 0.005166 seconds
  Import took 0.014209 seconds .

========================================================================
Received Import Request.
  Time since last request: 2.022608 seconds.
  path: Assets/Scenes/Stage2.unity
  artifactKey: Guid(4f946c5fed6e3470a97964e0fd153b7a) Importer(815301076,1909f56bfc062723c751e8b465ee728b)
Start importing Assets/Scenes/Stage2.unity using Guid(4f946c5fed6e3470a97964e0fd153b7a) Importer(815301076,1909f56bfc062723c751e8b465ee728b)  -> (artifact id: 'a1dbfe6e8e5403ac4c85cd3f59041fb1') in 0.001281 seconds
  Import took 0.004540 seconds .

========================================================================
Received Import Request.
  Time since last request: 0.000405 seconds.
  path: Assets/Scenes/Stage2.unity
  artifactKey: Guid(4f946c5fed6e3470a97964e0fd153b7a) Importer(815301076,1909f56bfc062723c751e8b465ee728b)
Start importing Assets/Scenes/Stage2.unity using Guid(4f946c5fed6e3470a97964e0fd153b7a) Importer(815301076,1909f56bfc062723c751e8b465ee728b)  -> (artifact id: 'a1dbfe6e8e5403ac4c85cd3f59041fb1') in 0.000937 seconds
  Import took 0.003131 seconds .

========================================================================
Received Import Request.
  Time since last request: 36.106385 seconds.
  path: Assets/Images/heartdot-15_1.png
  artifactKey: Guid(64a848788adfb466a88c8ddf1b65e053) Importer(815301076,1909f56bfc062723c751e8b465ee728b)
Start importing Assets/Images/heartdot-15_1.png using Guid(64a848788adfb466a88c8ddf1b65e053) Importer(815301076,1909f56bfc062723c751e8b465ee728b)  -> (artifact id: '493cce25a70bfa1b21fae0990209f8e8') in 0.024113 seconds
  Import took 0.044762 seconds .

========================================================================
Received Import Request.
  Time since last request: 150.598906 seconds.
  path: Assets/Images/tegakigara27 1.png
  artifactKey: Guid(e9e93b5cfb4af4c66aa40fea3453e1b6) Importer(815301076,1909f56bfc062723c751e8b465ee728b)
Start importing Assets/Images/tegakigara27 1.png using Guid(e9e93b5cfb4af4c66aa40fea3453e1b6) Importer(815301076,1909f56bfc062723c751e8b465ee728b)  -> (artifact id: 'c0224d572ee282d786e3693916a15b21') in 0.046910 seconds
  Import took 0.058848 seconds .

========================================================================
Received Import Request.
  Time since last request: 0.551493 seconds.
  path: Assets/Images/tegakigara27 2.png
  artifactKey: Guid(f92a4c80a739343d7bb2c91e3ca9b421) Importer(815301076,1909f56bfc062723c751e8b465ee728b)
Start importing Assets/Images/tegakigara27 2.png using Guid(f92a4c80a739343d7bb2c91e3ca9b421) Importer(815301076,1909f56bfc062723c751e8b465ee728b)  -> (artifact id: '1d1caf9d53d03bc1a441b43794267666') in 0.011701 seconds
  Import took 0.017363 seconds .

========================================================================
Received Import Request.
  Time since last request: 79.040860 seconds.
  path: Assets/Images/oshi-heart4144-8.png
  artifactKey: Guid(b158574eac4df4838b4aae683ce8406e) Importer(815301076,1909f56bfc062723c751e8b465ee728b)
Start importing Assets/Images/oshi-heart4144-8.png using Guid(b158574eac4df4838b4aae683ce8406e) Importer(815301076,1909f56bfc062723c751e8b465ee728b)  -> (artifact id: 'e6935bd2fbe5e0bd644ca2ccd61738f6') in 0.039044 seconds
  Import took 0.048231 seconds .

========================================================================
Received Import Request.
  Time since last request: 10.253133 seconds.
  path: Assets/Images/oshi-huusen200004.png
  artifactKey: Guid(10c1166b8533a4085a5726b4d5fbbfc5) Importer(815301076,1909f56bfc062723c751e8b465ee728b)
Start importing Assets/Images/oshi-huusen200004.png using Guid(10c1166b8533a4085a5726b4d5fbbfc5) Importer(815301076,1909f56bfc062723c751e8b465ee728b)  -> (artifact id: 'e60bb3f2ea4a16f1a7e3a376972edb35') in 0.023114 seconds
  Import took 0.050720 seconds .

========================================================================
Received Import Request.
  Time since last request: 13.418790 seconds.
  path: Assets/Scenes/Stage1.unity
  artifactKey: Guid(8ba0c04cd8bd546feaa39750a4a4095f) Importer(815301076,1909f56bfc062723c751e8b465ee728b)
Start importing Assets/Scenes/Stage1.unity using Guid(8ba0c04cd8bd546feaa39750a4a4095f) Importer(815301076,1909f56bfc062723c751e8b465ee728b)  -> (artifact id: 'e1386cfe7d31fa73848f3b3e8e06a5e2') in 0.004362 seconds
  Import took 0.015745 seconds .

========================================================================
Received Import Request.
  Time since last request: 12.766802 seconds.
  path: Assets/Images/Flooe.png
  artifactKey: Guid(f92a4c80a739343d7bb2c91e3ca9b421) Importer(815301076,1909f56bfc062723c751e8b465ee728b)
Start importing Assets/Images/Flooe.png using Guid(f92a4c80a739343d7bb2c91e3ca9b421) Importer(815301076,1909f56bfc062723c751e8b465ee728b)  -> (artifact id: '575984832b709ccb1eeade5b682f745d') in 0.022546 seconds
  Import took 0.045399 seconds .

========================================================================
Received Import Request.
  Time since last request: 5.379855 seconds.
  path: Assets/Images/Floor.png
  artifactKey: Guid(f92a4c80a739343d7bb2c91e3ca9b421) Importer(815301076,1909f56bfc062723c751e8b465ee728b)
Start importing Assets/Images/Floor.png using Guid(f92a4c80a739343d7bb2c91e3ca9b421) Importer(815301076,1909f56bfc062723c751e8b465ee728b)  -> (artifact id: '802266a3a5feaefd65f5382c949af8fd') in 0.011009 seconds
  Import took 0.014056 seconds .

========================================================================
Received Import Request.
  Time since last request: 4.716939 seconds.
  path: Assets/Images/tegakigara27.png
  artifactKey: Guid(189701a0fb3ca46b6965fd224dc290d3) Importer(815301076,1909f56bfc062723c751e8b465ee728b)
Start importing Assets/Images/tegakigara27.png using Guid(189701a0fb3ca46b6965fd224dc290d3) Importer(815301076,1909f56bfc062723c751e8b465ee728b)  -> (artifact id: '259d45b1ffe8d2cd0a963918ce0c64dd') in 0.051849 seconds
  Import took 0.061461 seconds .

========================================================================
Received Import Request.
  Time since last request: 3.646846 seconds.
  path: Assets/Images/tegakigara27_1.png
  artifactKey: Guid(17157e37aefbe4372b6a052d6e7a7800) Importer(815301076,1909f56bfc062723c751e8b465ee728b)
Start importing Assets/Images/tegakigara27_1.png using Guid(17157e37aefbe4372b6a052d6e7a7800) Importer(815301076,1909f56bfc062723c751e8b465ee728b)  -> (artifact id: 'f00e573c1764d6ed9b882eccb8bbae78') in 0.012245 seconds
  Import took 0.016231 seconds .

========================================================================
Received Import Request.
  Time since last request: 6.351685 seconds.
  path: Assets/Images/yamikawa51.png
  artifactKey: Guid(46d0c126bd68744d995c386679bc86c7) Importer(815301076,1909f56bfc062723c751e8b465ee728b)
Start importing Assets/Images/yamikawa51.png using Guid(46d0c126bd68744d995c386679bc86c7) Importer(815301076,1909f56bfc062723c751e8b465ee728b)  -> (artifact id: '4f6d93e7f600adda1cc64af703b664b7') in 0.014538 seconds
  Import took 0.020329 seconds .

========================================================================
Received Import Request.
  Time since last request: 4.737127 seconds.
  path: Assets/Images/heartdot-15 1.png
  artifactKey: Guid(b54816a9457cd42f89ccd1a865c8fc1f) Importer(815301076,1909f56bfc062723c751e8b465ee728b)
Start importing Assets/Images/heartdot-15 1.png using Guid(b54816a9457cd42f89ccd1a865c8fc1f) Importer(815301076,1909f56bfc062723c751e8b465ee728b)  -> (artifact id: '4e147399e3487573ec39a13f2004cf6b') in 0.014219 seconds
  Import took 0.017398 seconds .

========================================================================
Received Import Request.
  Time since last request: 16.664881 seconds.
  path: Assets/Images/Background_1.png
  artifactKey: Guid(b54816a9457cd42f89ccd1a865c8fc1f) Importer(815301076,1909f56bfc062723c751e8b465ee728b)
Start importing Assets/Images/Background_1.png using Guid(b54816a9457cd42f89ccd1a865c8fc1f) Importer(815301076,1909f56bfc062723c751e8b465ee728b)  -> (artifact id: 'e032c9c0e1901095e619546d67b7c02a') in 0.039753 seconds
  Import took 0.048105 seconds .

========================================================================
Received Import Request.
  Time since last request: 4.308352 seconds.
  path: Assets/Scenes/Stage2.unity
  artifactKey: Guid(4f946c5fed6e3470a97964e0fd153b7a) Importer(815301076,1909f56bfc062723c751e8b465ee728b)
Start importing Assets/Scenes/Stage2.unity using Guid(4f946c5fed6e3470a97964e0fd153b7a) Importer(815301076,1909f56bfc062723c751e8b465ee728b)  -> (artifact id: '42de22a89a5a45f68b4ab72f248df17a') in 0.002031 seconds
  Import took 0.005537 seconds .

========================================================================
Received Import Request.
  Time since last request: 0.000824 seconds.
  path: Assets/Scenes/Stage2.unity
  artifactKey: Guid(4f946c5fed6e3470a97964e0fd153b7a) Importer(815301076,1909f56bfc062723c751e8b465ee728b)
Start importing Assets/Scenes/Stage2.unity using Guid(4f946c5fed6e3470a97964e0fd153b7a) Importer(815301076,1909f56bfc062723c751e8b465ee728b)  -> (artifact id: '42de22a89a5a45f68b4ab72f248df17a') in 0.001285 seconds
  Import took 0.003983 seconds .

========================================================================
Received Import Request.
  Time since last request: 7.025298 seconds.
  path: Assets/Images/va2022-284.png
  artifactKey: Guid(e44ba5a33f1ce4e9a9558fe5a86be5f1) Importer(815301076,1909f56bfc062723c751e8b465ee728b)
Start importing Assets/Images/va2022-284.png using Guid(e44ba5a33f1ce4e9a9558fe5a86be5f1) Importer(815301076,1909f56bfc062723c751e8b465ee728b)  -> (artifact id: 'dc8ee479b90e04f545e1331b90fcd2bd') in 0.020171 seconds
  Import took 0.035527 seconds .

========================================================================
Received Import Request.
  Time since last request: 10.422236 seconds.
  path: Assets/Images/BackGround_2.png
  artifactKey: Guid(33657cfab46104d94a9ea4f2d09b5ada) Importer(815301076,1909f56bfc062723c751e8b465ee728b)
Start importing Assets/Images/BackGround_2.png using Guid(33657cfab46104d94a9ea4f2d09b5ada) Importer(815301076,1909f56bfc062723c751e8b465ee728b)  -> (artifact id: '8819bddd5fae10df9331a66acc980406') in 0.034201 seconds
  Import took 0.038319 seconds .

========================================================================
Received Import Request.
  Time since last request: 7.169000 seconds.
  path: Assets/Images/Background_2.png
  artifactKey: Guid(33657cfab46104d94a9ea4f2d09b5ada) Importer(815301076,1909f56bfc062723c751e8b465ee728b)
Start importing Assets/Images/Background_2.png using Guid(33657cfab46104d94a9ea4f2d09b5ada) Importer(815301076,1909f56bfc062723c751e8b465ee728b)  -> (artifact id: '16737a95d6d4393606239505da039af9') in 0.041999 seconds
  Import took 0.045577 seconds .

========================================================================
Received Import Request.
  Time since last request: 8.177750 seconds.
  path: Assets/Scenes/Stage3.unity
  artifactKey: Guid(a081b3b0ccda249c5a403852b1def41b) Importer(815301076,1909f56bfc062723c751e8b465ee728b)
Start importing Assets/Scenes/Stage3.unity using Guid(a081b3b0ccda249c5a403852b1def41b) Importer(815301076,1909f56bfc062723c751e8b465ee728b)  -> (artifact id: '57cfd8754ac1314613176b6c9294e82d') in 0.003324 seconds
  Import took 0.009837 seconds .

========================================================================
Received Import Request.
  Time since last request: 2.445896 seconds.
  path: Assets/Images/oshi-live00006.png
  artifactKey: Guid(c06ff33c15ff24135b990f62c24abcec) Importer(815301076,1909f56bfc062723c751e8b465ee728b)
Start importing Assets/Images/oshi-live00006.png using Guid(c06ff33c15ff24135b990f62c24abcec) Importer(815301076,1909f56bfc062723c751e8b465ee728b)  -> (artifact id: 'b13edf7284c0fc769b090fbf7a6be7b8') in 0.041521 seconds
  Import took 0.044870 seconds .

========================================================================
Received Import Request.
  Time since last request: 7.779930 seconds.
  path: Assets/Images/Background_3.png
  artifactKey: Guid(c06ff33c15ff24135b990f62c24abcec) Importer(815301076,1909f56bfc062723c751e8b465ee728b)
Start importing Assets/Images/Background_3.png using Guid(c06ff33c15ff24135b990f62c24abcec) Importer(815301076,1909f56bfc062723c751e8b465ee728b)  -> (artifact id: 'fe200aae8ac31c7bf5bb5b0c102f87e8') in 0.022275 seconds
  Import took 0.049578 seconds .

========================================================================
Received Import Request.
  Time since last request: 15.991167 seconds.
  path: Assets/Images/Background_4.jpg
  artifactKey: Guid(0bebccd8a20ed410592d2fcca1ad6091) Importer(815301076,1909f56bfc062723c751e8b465ee728b)
Start importing Assets/Images/Background_4.jpg using Guid(0bebccd8a20ed410592d2fcca1ad6091) Importer(815301076,1909f56bfc062723c751e8b465ee728b)  -> (artifact id: '58823e3e5231c0e36bae6dd642c6bc07') in 0.024573 seconds
  Import took 0.049972 seconds .

========================================================================
Received Import Request.
  Time since last request: 33.948641 seconds.
  path: Assets/Images/Background_3.jpg
  artifactKey: Guid(86a078dcd122f46988f13696874d803f) Importer(815301076,1909f56bfc062723c751e8b465ee728b)
Start importing Assets/Images/Background_3.jpg using Guid(86a078dcd122f46988f13696874d803f) Importer(815301076,1909f56bfc062723c751e8b465ee728b)  -> (artifact id: '2b6a641fbd9296a8a7cbfeabce172121') in 0.032261 seconds
  Import took 0.044992 seconds .

========================================================================
Received Import Request.
  Time since last request: 26.593469 seconds.
  path: Assets/Images/Background_5.png
  artifactKey: Guid(46d0c126bd68744d995c386679bc86c7) Importer(815301076,1909f56bfc062723c751e8b465ee728b)
Start importing Assets/Images/Background_5.png using Guid(46d0c126bd68744d995c386679bc86c7) Importer(815301076,1909f56bfc062723c751e8b465ee728b)  -> (artifact id: 'b1847a8a423d2159b60ac73bf4a6ff70') in 0.022684 seconds
  Import took 0.035383 seconds .

========================================================================
Received Import Request.
  Time since last request: 7.967629 seconds.
  path: Assets/Images/Badge.png
  artifactKey: Guid(843aee67c6e3f4e89bcb5f6d7cff8bb1) Importer(815301076,1909f56bfc062723c751e8b465ee728b)
Start importing Assets/Images/Badge.png using Guid(843aee67c6e3f4e89bcb5f6d7cff8bb1) Importer(815301076,1909f56bfc062723c751e8b465ee728b)  -> (artifact id: '61b1f25b33c898502ef69c6f868e2087') in 0.034775 seconds
  Import took 0.038986 seconds .

========================================================================
Received Import Request.
  Time since last request: 33.650507 seconds.
  path: Assets/Images/hearts-p1 (1).png
  artifactKey: Guid(86a46d5247ef049528c3b3b7a244b392) Importer(815301076,1909f56bfc062723c751e8b465ee728b)
Start importing Assets/Images/hearts-p1 (1).png using Guid(86a46d5247ef049528c3b3b7a244b392) Importer(815301076,1909f56bfc062723c751e8b465ee728b)  -> (artifact id: 'f7fea08589a7e5f2110c3981662571cf') in 0.017871 seconds
  Import took 0.026671 seconds .

========================================================================
Received Import Request.
  Time since last request: 7.073850 seconds.
  path: Assets/Images/Background_0.png
  artifactKey: Guid(86a46d5247ef049528c3b3b7a244b392) Importer(815301076,1909f56bfc062723c751e8b465ee728b)
Start importing Assets/Images/Background_0.png using Guid(86a46d5247ef049528c3b3b7a244b392) Importer(815301076,1909f56bfc062723c751e8b465ee728b)  -> (artifact id: '683632f90cc35fb5ee021c63978c56a6') in 0.011514 seconds
  Import took 0.015627 seconds .

========================================================================
Received Prepare
Registering precompiled user dll's ...
Registered in 0.000876 seconds.
Begin MonoManager ReloadAssembly
Native extension for OSXStandalone target not found
Refreshing native plugins compatible for Editor in 0.20 ms, found 1 plugins.
Preloading 0 native plugins for Editor in 0.00 ms.
Invoked RoslynAnalysisRunner static constructor.
RoslynAnalysisRunner will not be running.
RoslynAnalysisRunner has terminated.
Mono: successfully reloaded assembly
- Completed reload, in  1.748 seconds
Platform modules already initialized, skipping
Refreshing native plugins compatible for Editor in 0.17 ms, found 1 plugins.
Preloading 0 native plugins for Editor in 0.00 ms.
Unloading 1148 Unused Serialized files (Serialized files now loaded: 0)
System memory in use before: 395.1 MB.
System memory in use after: 395.1 MB.

Unloading 5 unused Assets to reduce memory usage. Loaded Objects now: 1717.
Total: 1.266916 ms (FindLiveObjects: 0.129542 ms CreateObjectMapping: 0.026750 ms MarkObjects: 1.047208 ms  DeleteObjects: 0.062500 ms)

